app/build/outputs/logs/manifest-merger-debug-report.txt
-- Merging decision tree log ---
manifest
ADDED from src/main/AndroidManifest.xml:2:1-64:12
INJECTED from src/main/AndroidManifest.xml:2:1-64:12
INJECTED from src/main/AndroidManifest.xml:2:1-64:12
INJECTED from src/main/AndroidManifest.xml:2:1-64:12
INJECTED from src/main/AndroidManifest.xml:2:1-64:12
INJECTED from src/main/AndroidManifest.xml:2:1-64:12
INJECTED from src/main/AndroidManifest.xml:2:1-64:12
	package
		ADDED from src/main/AndroidManifest.xml:3:5-43
		INJECTED from src/main/AndroidManifest.xml
		INJECTED from src/main/AndroidManifest.xml
	android:versionName
		ADDED from src/main/AndroidManifest.xml:5:5-32
		INJECTED from src/main/AndroidManifest.xml
		INJECTED from src/main/AndroidManifest.xml
	xmlns:android
		ADDED from src/main/AndroidManifest.xml:2:11-69
	android:versionCode
		ADDED from src/main/AndroidManifest.xml:4:5-29
		INJECTED from src/main/AndroidManifest.xml
		INJECTED from src/main/AndroidManifest.xml
uses-sdk
ADDED from src/main/AndroidManifest.xml:7:5-9:41
INJECTED from src/main/AndroidManifest.xml:7:5-9:41
INJECTED from src/main/AndroidManifest.xml:7:5-9:41
INJECTED from src/main/AndroidManifest.xml:7:5-9:41
INJECTED from src/main/AndroidManifest.xml:7:5-9:41
	android:targetSdkVersion
		ADDED from src/main/AndroidManifest.xml:9:9-38
		INJECTED from src/main/AndroidManifest.xml
		INJECTED from src/main/AndroidManifest.xml
	android:minSdkVersion
		ADDED from src/main/AndroidManifest.xml:8:9-35
		INJECTED from src/main/AndroidManifest.xml
		INJECTED from src/main/AndroidManifest.xml
uses-permission#android.permission.BLUETOOTH
ADDED from src/main/AndroidManifest.xml:11:5-68
	android:name
		ADDED from src/main/AndroidManifest.xml:11:22-65
uses-permission#android.permission.BLUETOOTH_ADMIN
ADDED from src/main/AndroidManifest.xml:12:5-74
	android:name
		ADDED from src/main/AndroidManifest.xml:12:22-71
uses-permission#android.permission.WRITE_SETTINGS
ADDED from src/main/AndroidManifest.xml:13:5-73
	android:name
		ADDED from src/main/AndroidManifest.xml:13:22-70
uses-permission#android.permission.WRITE_EXTERNAL_STORAGE
ADDED from src/main/AndroidManifest.xml:14:5-81
	android:name
		ADDED from src/main/AndroidManifest.xml:14:22-78
uses-feature#android.hardware.bluetooth
ADDED from src/main/AndroidManifest.xml:16:5-18:35
	android:required
		ADDED from src/main/AndroidManifest.xml:18:9-32
	android:name
		ADDED from src/main/AndroidManifest.xml:17:9-50
application
ADDED from src/main/AndroidManifest.xml:20:5-62:19
	android:label
		ADDED from src/main/AndroidManifest.xml:24:9-41
	android:icon
		ADDED from src/main/AndroidManifest.xml:23:9-45
	android:allowBackup
		ADDED from src/main/AndroidManifest.xml:22:9-35
	android:theme
		ADDED from src/main/AndroidManifest.xml:25:9-40
	android:name
		ADDED from src/main/AndroidManifest.xml:21:9-63
activity#mobi.dzs.android.BLE_SPP_PRO.actMain
ADDED from src/main/AndroidManifest.xml:27:9-35:20
	android:screenOrientation
		ADDED from src/main/AndroidManifest.xml:30:13-49
	android:label
		ADDED from src/main/AndroidManifest.xml:29:13-49
	android:name
		ADDED from src/main/AndroidManifest.xml:28:13-35
intent-filter#android.intent.action.MAIN+android.intent.category.LAUNCHER
ADDED from src/main/AndroidManifest.xml:31:13-34:29
action#android.intent.action.MAIN
ADDED from src/main/AndroidManifest.xml:32:17-69
	android:name
		ADDED from src/main/AndroidManifest.xml:32:25-66
category#android.intent.category.LAUNCHER
ADDED from src/main/AndroidManifest.xml:33:17-77
	android:name
		ADDED from src/main/AndroidManifest.xml:33:27-74
activity#mobi.dzs.android.BLE_SPP_PRO.actDiscovery
ADDED from src/main/AndroidManifest.xml:36:9-41:52
	android:screenOrientation
		ADDED from src/main/AndroidManifest.xml:41:13-49
	android:label
		ADDED from src/main/AndroidManifest.xml:39:13-54
	android:launchMode
		ADDED from src/main/AndroidManifest.xml:40:13-42
	android:configChanges
		ADDED from src/main/AndroidManifest.xml:38:13-85
	android:name
		ADDED from src/main/AndroidManifest.xml:37:13-40
activity#mobi.dzs.android.BLE_SPP_PRO.actByteStream
ADDED from src/main/AndroidManifest.xml:42:9-46:46
	android:label
		ADDED from src/main/AndroidManifest.xml:45:13-55
	android:launchMode
		ADDED from src/main/AndroidManifest.xml:46:13-43
	android:configChanges
		ADDED from src/main/AndroidManifest.xml:44:13-85
	android:name
		ADDED from src/main/AndroidManifest.xml:43:13-41
activity#mobi.dzs.android.BLE_SPP_PRO.actCmdLine
ADDED from src/main/AndroidManifest.xml:47:9-51:46
	android:label
		ADDED from src/main/AndroidManifest.xml:50:13-52
	android:launchMode
		ADDED from src/main/AndroidManifest.xml:51:13-43
	android:configChanges
		ADDED from src/main/AndroidManifest.xml:49:13-85
	android:name
		ADDED from src/main/AndroidManifest.xml:48:13-38
activity#mobi.dzs.android.BLE_SPP_PRO.actKeyBoard
ADDED from src/main/AndroidManifest.xml:52:9-57:52
	android:screenOrientation
		ADDED from src/main/AndroidManifest.xml:57:13-49
	android:label
		ADDED from src/main/AndroidManifest.xml:55:13-53
	android:launchMode
		ADDED from src/main/AndroidManifest.xml:56:13-43
	android:configChanges
		ADDED from src/main/AndroidManifest.xml:54:13-85
	android:name
		ADDED from src/main/AndroidManifest.xml:53:13-39
activity#mobi.dzs.android.BLE_SPP_PRO.actAbout
ADDED from src/main/AndroidManifest.xml:58:9-61:45
	android:label
		ADDED from src/main/AndroidManifest.xml:60:13-50
	android:launchMode
		ADDED from src/main/AndroidManifest.xml:61:13-42
	android:name
		ADDED from src/main/AndroidManifest.xml:59:13-65